[2025-09-05 21:00:43] Debug logging started
[2025-09-05 21:00:51] Loaded stamp: img/stamp_2x.npy
[2025-09-05 21:00:51] Using 6 worker processes for frame generation
[2025-09-05 21:00:52] Buffer size: 30 frames (total frames: 460)
[2025-09-05 21:00:52] Pre-warming buffer with initial frames...
[2025-09-05 21:00:52] Pre-warmed 15 frames
[2025-09-05 21:00:55] Buffer pre-warmed: 6 frames ready
[2025-09-05 21:00:55] 
Requesting missing frame 1 on-demand (consecutive: 1)
[2025-09-05 21:02:57] Loaded stamp: img/stamp_2x.npy
[2025-09-05 21:02:57] Using 6 worker processes for frame generation
[2025-09-05 21:02:58] Buffer size: 30 frames (total frames: 400)
[2025-09-05 21:02:58] Pre-warming buffer with initial frames...
[2025-09-05 21:02:58] Pre-warmed 15 frames
[2025-09-05 21:03:01] Buffer pre-warmed: 6 frames ready
[2025-09-05 21:03:01] 
Requesting missing frame 1 on-demand (consecutive: 1)
[2025-09-05 21:06:29] Loaded stamp: img/stamp_1x.npy
[2025-09-05 21:06:29] Using 6 worker processes for frame generation
[2025-09-05 21:06:31] Buffer size: 30 frames (total frames: 300)
[2025-09-05 21:06:31] Pre-warming buffer with initial frames...
[2025-09-05 21:06:31] Pre-warmed 15 frames
[2025-09-05 21:06:33] Buffer pre-warmed: 14 frames ready
[2025-09-05 21:06:33] 
Requesting missing frame 1 on-demand (consecutive: 1)
[2025-09-05 21:06:58] Loaded stamp: img/stamp_1x.npy
[2025-09-05 21:06:58] Using 6 worker processes for frame generation
[2025-09-05 21:06:59] Buffer size: 30 frames (total frames: 400)
[2025-09-05 21:06:59] Pre-warming buffer with initial frames...
[2025-09-05 21:06:59] Pre-warmed 15 frames
[2025-09-05 21:07:02] Buffer pre-warmed: 14 frames ready
[2025-09-05 21:07:02] 
Requesting missing frame 1 on-demand (consecutive: 1)
